<?xml version="1.0" encoding="UTF-8"?>
<!-- Generated by org.testng.reporters.JUnitReportReporter -->
<testsuite hostname="LT-NB-058" name="pageObject.PageObjectModel" tests="5" failures="0" timestamp="18 Oct 2016 13:03:13 GMT" time="9.048" errors="0">
  <testcase name="shiftVerification" time="4.525" classname="pageObject.PageObjectModel"/>
  <testcase name="dbClose" time="0.029" classname="pageObject.PageObjectModel"/>
  <testcase name="moduleActions" time="3.173" classname="pageObject.PageObjectModel"/>
  <testcase name="dataCheck" time="1.074" classname="pageObject.PageObjectModel"/>
  <testcase name="dbSetUp" time="0.247" classname="pageObject.PageObjectModel"/>
</testsuite> <!-- pageObject.PageObjectModel -->
