<?xml version="1.0" encoding="UTF-8"?>
<!-- Generated by org.testng.reporters.JUnitReportReporter -->
<testsuite hostname="LT-NB-058" name="framework.attendance" tests="1" failures="0" timestamp="19 Oct 2016 10:07:02 GMT" time="0.149" errors="0">
  <testcase name="testMytrip" time="0.149" classname="framework.attendance"/>
</testsuite> <!-- framework.attendance -->
