<?xml version="1.0" encoding="UTF-8"?>
<!-- Generated by org.testng.reporters.JUnitReportReporter -->
<testsuite hostname="LT-NB-058" name="pageObject.attendance" tests="1" failures="0" timestamp="18 Oct 2016 10:35:51 GMT" time="6.118" errors="0">
  <testcase name="testMytrip" time="6.118" classname="pageObject.attendance"/>
</testsuite> <!-- pageObject.attendance -->
