<?xml version="1.0" encoding="UTF-8"?>
<!-- Generated by org.testng.reporters.JUnitReportReporter -->
<testsuite hostname="LT-NB-058" name="framework.ImagePull" tests="1" failures="0" timestamp="19 Oct 2016 15:56:05 GMT" time="3.900" errors="0">
  <testcase name="impageScreenshot" time="3.900" classname="framework.ImagePull"/>
</testsuite> <!-- framework.ImagePull -->
