<?xml version="1.0" encoding="UTF-8"?>
<!-- Generated by org.testng.reporters.JUnitReportReporter -->
<testsuite hostname="LT-NB-058" name="framework.PageObjectModel" tests="1" failures="0" timestamp="24 Oct 2016 10:39:25 GMT" time="11.990" errors="0">
  <testcase name="loginPage_AssetVerification" time="11.990" classname="framework.PageObjectModel"/>
</testsuite> <!-- framework.PageObjectModel -->
