<?xml version="1.0" encoding="UTF-8"?>
<!-- Generated by org.testng.reporters.JUnitReportReporter -->
<testsuite hostname="LT-NB-058" name="rmm_testun.excell" tests="1" failures="0" timestamp="5 Jul 2017 10:36:04 GMT" time="0.204" errors="0">
  <testcase name="TrackerPage" time="0.204" classname="rmm_testun.excell"/>
</testsuite> <!-- rmm_testun.excell -->
